0 info it worked if it ends with ok
1 verbose cli [ '/usr/local/bin/node', '/usr/local/bin/npm', 'start' ]
2 info using npm@4.0.2
3 info using node@v6.3.1
4 verbose run-script [ 'prestart', 'start', 'poststart' ]
5 info lifecycle enhanceconf-website@1.0.0~prestart: enhanceconf-website@1.0.0
6 silly lifecycle enhanceconf-website@1.0.0~prestart: no script for prestart, continuing
7 info lifecycle enhanceconf-website@1.0.0~start: enhanceconf-website@1.0.0
8 verbose lifecycle enhanceconf-website@1.0.0~start: unsafe-perm in lifecycle true
9 verbose lifecycle enhanceconf-website@1.0.0~start: PATH: /usr/local/lib/node_modules/npm/bin/node-gyp-bin:/Users/simonmcmanus/node/enhanceconf/website/node_modules/.bin:/usr/local/opt/openvpn/sbin:/usr/local/heroku/bin:/usr/local/bin:/usr/bin:/bin:/usr/sbin:/sbin:/usr/local/opt/openvpn/sbin:/usr/local/heroku/bin:/usr/bin:/bin:/usr/sbin:/sbin:/usr/local/bin
10 verbose lifecycle enhanceconf-website@1.0.0~start: CWD: /Users/simonmcmanus/node/enhanceconf/website
11 silly lifecycle enhanceconf-website@1.0.0~start: Args: [ '-c', 'speclate --dev 5006' ]
12 silly lifecycle enhanceconf-website@1.0.0~start: Returned: code: 1  signal: null
13 info lifecycle enhanceconf-website@1.0.0~start: Failed to exec start script
14 verbose stack Error: enhanceconf-website@1.0.0 start: `speclate --dev 5006`
14 verbose stack Exit status 1
14 verbose stack     at EventEmitter.<anonymous> (/usr/local/lib/node_modules/npm/lib/utils/lifecycle.js:279:16)
14 verbose stack     at emitTwo (events.js:106:13)
14 verbose stack     at EventEmitter.emit (events.js:191:7)
14 verbose stack     at ChildProcess.<anonymous> (/usr/local/lib/node_modules/npm/lib/utils/spawn.js:40:14)
14 verbose stack     at emitTwo (events.js:106:13)
14 verbose stack     at ChildProcess.emit (events.js:191:7)
14 verbose stack     at maybeClose (internal/child_process.js:852:16)
14 verbose stack     at Process.ChildProcess._handle.onexit (internal/child_process.js:215:5)
15 verbose pkgid enhanceconf-website@1.0.0
16 verbose cwd /Users/simonmcmanus/node/enhanceconf/website
17 error Darwin 16.4.0
18 error argv "/usr/local/bin/node" "/usr/local/bin/npm" "start"
19 error node v6.3.1
20 error npm  v4.0.2
21 error code ELIFECYCLE
22 error enhanceconf-website@1.0.0 start: `speclate --dev 5006`
22 error Exit status 1
23 error Failed at the enhanceconf-website@1.0.0 start script 'speclate --dev 5006'.
23 error Make sure you have the latest version of node.js and npm installed.
23 error If you do, this is most likely a problem with the enhanceconf-website package,
23 error not with npm itself.
23 error Tell the author that this fails on your system:
23 error     speclate --dev 5006
23 error You can get information on how to open an issue for this project with:
23 error     npm bugs enhanceconf-website
23 error Or if that isn't available, you can get their info via:
23 error     npm owner ls enhanceconf-website
23 error There is likely additional logging output above.
24 verbose exit [ 1, true ]
